<?xml version="1.0" encoding="utf-8"?><testsuites name="pytest tests"><testsuite name="pytest" errors="0" failures="0" skipped="0" tests="17" time="5.956" timestamp="2026-06-26T00:20:58.280356+00:00" hostname="agent-env-b28a8cbe-7248-4ddf-8d15-ed58458e5039"><testcase classname="backend.tests.test_loss_makers.TestLossMakers" name="test_requires_jwt" time="0.158" /><testcase classname="backend.tests.test_loss_makers.TestLossMakers" name="test_returns_200_with_token" time="0.513" /><testcase classname="backend.tests.test_loss_makers.TestLossMakers" name="test_row_shape" time="0.168" /><testcase classname="backend.tests.test_loss_makers.TestLossMakers" name="test_net_per_unit_non_positive" time="0.226" /><testcase classname="backend.tests.test_loss_makers.TestLossMakers" name="test_sorted_by_total_loss_ascending" time="0.159" /><testcase classname="backend.tests.test_loss_makers.TestLossMakers" name="test_marketplace_filter_single" time="0.328" /><testcase classname="backend.tests.test_loss_makers.TestLossMakers" name="test_date_range_filter" time="0.402" /><testcase classname="backend.tests.test_loss_makers.TestLossMakers" name="test_cost_math_consistency" time="0.154" /><testcase classname="backend.tests.test_loss_makers.TestRegression" name="test_login" time="0.340" /><testcase classname="backend.tests.test_loss_makers.TestRegression" name="test_dashboard_summary" time="0.177" /><testcase classname="backend.tests.test_loss_makers.TestRegression" name="test_dashboard_top_skus" time="0.133" /><testcase classname="backend.tests.test_loss_makers.TestRegression" name="test_products" time="0.128" /><testcase classname="backend.tests.test_loss_makers.TestRegression" name="test_prices" time="0.170" /><testcase classname="backend.tests.test_loss_makers.TestRegression" name="test_library" time="0.512" /><testcase classname="backend.tests.test_loss_makers.TestRegression" name="test_pnl" time="0.171" /><testcase classname="backend.tests.test_loss_makers.TestRegression" name="test_uploads_list" time="2.018" /><testcase classname="backend.tests.test_loss_makers.TestRegression" name="test_settings_cost_constants" time="0.155" /></testsuite></testsuites>