<?xml version="1.0" encoding="utf-8"?><testsuites name="pytest tests"><testsuite name="pytest" errors="0" failures="0" skipped="0" tests="10" time="3.306" timestamp="2026-06-25T21:15:17.400974+00:00" hostname="agent-env-b28a8cbe-7248-4ddf-8d15-ed58458e5039"><testcase classname="test_iteration3.TestCostConstants" name="test_get_cost_constants_default" time="0.620" /><testcase classname="test_iteration3.TestCostConstants" name="test_put_cost_constants_persists" time="0.386" /><testcase classname="test_iteration3.TestProfitLossNewFields" name="test_pnl_has_new_fields_and_math" time="0.250" /><testcase classname="test_iteration3.TestProfitLossNewFields" name="test_pnl_operational_matches_units_times_cost" time="0.346" /><testcase classname="test_iteration3.TestSummaryNewFields" name="test_summary_has_new_cost_fields" time="0.192" /><testcase classname="test_iteration3.TestSummaryNewFields" name="test_summary_margin_includes_all_costs" time="0.230" /><testcase classname="test_iteration3.TestLibrarySkus" name="test_library_skus_basic" time="0.412" /><testcase classname="test_iteration3.TestLibrarySkus" name="test_library_search_filter" time="0.209" /><testcase classname="test_iteration3.TestLibrarySkus" name="test_library_total_cost_math" time="0.253" /><testcase classname="test_iteration3.TestLibraryExport" name="test_library_export_csv" time="0.367" /></testsuite></testsuites>