<?xml version="1.0" encoding="utf-8"?><testsuites name="pytest tests"><testsuite name="pytest" errors="0" failures="0" skipped="0" tests="2" time="1.059" timestamp="2026-08-12T10:27:37.560356+00:00" hostname="agent-env-b28a8cbe-7248-4ddf-8d15-ed58458e5039"><testcase classname="backend.tests.test_iteration10" name="test_margin_parity_leroy_merlin_es" time="0.756" /><testcase classname="backend.tests.test_iteration10" name="test_top_skus_returns_all_needed_columns" time="0.286" /></testsuite></testsuites>