<?xml version="1.0" encoding="utf-8"?><testsuites name="pytest tests"><testsuite name="pytest" errors="0" failures="0" skipped="0" tests="5" time="4.958" timestamp="2026-08-18T13:33:47.094860+00:00" hostname="agent-env-b28a8cbe-7248-4ddf-8d15-ed58458e5039"><testcase classname="test_iteration11" name="test_library_export_xlsx" time="3.007" /><testcase classname="test_iteration11" name="test_prices_export_xlsx" time="0.978" /><testcase classname="test_iteration11" name="test_orders_export_xlsx" time="0.256" /><testcase classname="test_iteration11" name="test_asin_mapping_template_still_csv" time="0.270" /><testcase classname="test_iteration11" name="test_cost_template_still_csv" time="0.244" /></testsuite></testsuites>