<?xml version="1.0" encoding="utf-8"?><testsuites name="pytest tests"><testsuite name="pytest" errors="0" failures="2" skipped="0" tests="52" time="10.983" timestamp="2026-06-26T00:38:58.963704+00:00" hostname="agent-env-b28a8cbe-7248-4ddf-8d15-ed58458e5039"><testcase classname="backend.tests.test_iteration8" name="test_admin_endpoint_unauthenticated_returns_401[POST-/api/uploads/orders]" time="0.286" /><testcase classname="backend.tests.test_iteration8" name="test_admin_endpoint_unauthenticated_returns_401[POST-/api/uploads/costs]" time="0.144" /><testcase classname="backend.tests.test_iteration8" name="test_admin_endpoint_unauthenticated_returns_401[POST-/api/uploads/asin-mapping]" time="0.103" /><testcase classname="backend.tests.test_iteration8" name="test_admin_endpoint_unauthenticated_returns_401[PUT-/api/cost-constants]" time="0.108" /><testcase classname="backend.tests.test_iteration8" name="test_admin_endpoint_unauthenticated_returns_401[PUT-/api/exchange-rates]" time="0.102" /><testcase classname="backend.tests.test_iteration8" name="test_admin_endpoint_unauthenticated_returns_401[POST-/api/admin/renormalize-marketplaces]" time="0.134" /><testcase classname="backend.tests.test_iteration8" name="test_admin_endpoint_unauthenticated_returns_401[POST-/api/admin/reprocess-amazon-asins]" time="0.102" /><testcase classname="backend.tests.test_iteration8" name="test_admin_endpoint_unauthenticated_returns_401[POST-/api/costs/manual]" time="0.104" /><testcase classname="backend.tests.test_iteration8" name="test_admin_endpoint_unauthenticated_returns_401[DELETE-/api/costs/TEST_NONEXISTENT_SKU]" time="0.108" /><testcase classname="backend.tests.test_iteration8" name="test_put_cost_constants_admin_ok" time="0.576" /><testcase classname="backend.tests.test_iteration8" name="test_put_exchange_rates_admin_ok" time="2.405" /><testcase classname="backend.tests.test_iteration8" name="test_post_costs_manual_admin_ok" time="0.209" /><testcase classname="backend.tests.test_iteration8" name="test_delete_costs_admin_ok" time="0.111" /><testcase classname="backend.tests.test_iteration8" name="test_get_endpoints_with_auth_200[/api/cost-constants]" time="0.096" /><testcase classname="backend.tests.test_iteration8" name="test_get_endpoints_with_auth_200[/api/exchange-rates]" time="0.102" /><testcase classname="backend.tests.test_iteration8" name="test_get_endpoints_with_auth_200[/api/costs]" time="0.281" /><testcase classname="backend.tests.test_iteration8" name="test_get_endpoints_with_auth_200[/api/uploads/history]" time="0.098" /><testcase classname="backend.tests.test_iteration8" name="test_get_endpoints_with_auth_200[/api/asin-mappings]" time="0.281" /><testcase classname="backend.tests.test_iteration8" name="test_get_endpoints_with_auth_200[/api/marketplaces]" time="0.117" /><testcase classname="backend.tests.test_iteration8" name="test_get_endpoints_without_auth_401[/api/cost-constants]" time="0.116" /><testcase classname="backend.tests.test_iteration8" name="test_get_endpoints_without_auth_401[/api/exchange-rates]" time="0.110" /><testcase classname="backend.tests.test_iteration8" name="test_get_endpoints_without_auth_401[/api/costs]" time="0.093" /><testcase classname="backend.tests.test_iteration8" name="test_get_endpoints_without_auth_401[/api/uploads/history]" time="0.096" /><testcase classname="backend.tests.test_iteration8" name="test_get_endpoints_without_auth_401[/api/asin-mappings]" time="0.120" /><testcase classname="backend.tests.test_iteration8" name="test_get_endpoints_without_auth_401[/api/marketplaces]" time="0.099" /><testcase classname="backend.tests.test_iteration8" name="test_returns_requires_auth" time="0.114" /><testcase classname="backend.tests.test_iteration8" name="test_returns_shape_and_totals" time="0.133" /><testcase classname="backend.tests.test_iteration8" name="test_returns_marketplace_filter" time="0.109" /><testcase classname="backend.tests.test_iteration8" name="test_regression_endpoint_responds[/api/auth/me]" time="0.102" /><testcase classname="backend.tests.test_iteration8" name="test_regression_endpoint_responds[/api/dashboard/summary]" time="0.148" /><testcase classname="backend.tests.test_iteration8" name="test_regression_endpoint_responds[/api/dashboard/trend]" time="0.123" /><testcase classname="backend.tests.test_iteration8" name="test_regression_endpoint_responds[/api/dashboard/marketplace-breakdown]" time="0.126" /><testcase classname="backend.tests.test_iteration8" name="test_regression_endpoint_responds[/api/dashboard/top-skus]" time="0.135" /><testcase classname="backend.tests.test_iteration8" name="test_regression_endpoint_responds[/api/dashboard/customers]" time="0.141" /><testcase classname="backend.tests.test_iteration8" name="test_regression_endpoint_responds[/api/dashboard/heatmap]" time="0.130" /><testcase classname="backend.tests.test_iteration8" name="test_regression_endpoint_responds[/api/dashboard/profit-loss]" time="0.152" /><testcase classname="backend.tests.test_iteration8" name="test_regression_endpoint_responds[/api/orders]" time="0.117" /><testcase classname="backend.tests.test_iteration8" name="test_regression_endpoint_responds[/api/orders/export]" time="0.300" /><testcase classname="backend.tests.test_iteration8" name="test_regression_endpoint_responds[/api/library/skus]" time="0.434" /><testcase classname="backend.tests.test_iteration8" name="test_regression_endpoint_responds[/api/library/export]" time="0.382" /><testcase classname="backend.tests.test_iteration8" name="test_regression_endpoint_responds[/api/library/loss-makers]" time="0.152" /><testcase classname="backend.tests.test_iteration8" name="test_regression_endpoint_responds[/api/marketplaces]" time="0.104" /><testcase classname="backend.tests.test_iteration8" name="test_regression_endpoint_responds[/api/skus]" time="0.138" /><testcase classname="backend.tests.test_iteration8" name="test_regression_endpoint_responds[/api/skus/prices]" time="0.164" /><testcase classname="backend.tests.test_iteration8" name="test_regression_endpoint_responds[/api/skus/prices/export]" time="0.242" /><testcase classname="backend.tests.test_iteration8" name="test_regression_endpoint_responds[/api/uploads/history]" time="0.103" /><testcase classname="backend.tests.test_iteration8" name="test_regression_endpoint_responds[/api/asin-mappings]" time="0.226" /><testcase classname="backend.tests.test_iteration8" name="test_regression_endpoint_responds[/api/templates/cost]" time="0.221" /><testcase classname="backend.tests.test_iteration8" name="test_regression_endpoint_responds[/api/templates/asin-mapping]" time="0.223" /><testcase classname="backend.tests.test_iteration8" name="test_dashboard_summary_value" time="0.186"><failure message="AssertionError: revenue drift: 398832.73&#10;assert 278926.54 &lt; 50.0&#10; +  where 278926.54 = abs((398832.73 - 119906.19))">backend/tests/test_iteration8.py:196: in test_dashboard_summary_value
    assert abs(data["revenue_eur"] - 119906.19) &lt; 50.0, f"revenue drift: {data['revenue_eur']}"
E   AssertionError: revenue drift: 398832.73
E   assert 278926.54 &lt; 50.0
E    +  where 278926.54 = abs((398832.73 - 119906.19))</failure></testcase><testcase classname="backend.tests.test_iteration8" name="test_library_loss_makers_count" time="0.138"><failure message="AssertionError: loss_makers count=6&#10;assert 6 &gt;= 50&#10; +  where 6 = len([{'sku': 'col-inc_SAND_L206_110x150cm', 'marketplace': 'Leroy Merlin', 'product_name': 'Stickers muraux adhésifs autocollant - 2 BRANCHES DE CERISIER JAPONAIS ET 3 OISEAUX - 110x150cm', 'units': 10, ...}, {'sku': 'col-tiles-RJ-A625_15x15cm', 'marketplace': 'Amazon Vendor', 'product_name': '60 x 6&quot; Cement Pattern Self Adhesive Tile Stickers', 'units': 38, ...}, {'sku': 'roll-mono_Noir_60cmx3m', 'marketplace': 'Leroy Merlin', 'product_name': 'Rouleau adhésif décoratif Vinyle au Mètre - Sticker Lavable Imperméable Mur Cuisine Meubles - 60cmx3m - Noir', 'units': 1, ...}, {'sku': 'col-inc_SAND_L206_110x150cm', 'marketplace': 'Castorama', 'product_name': 'Stickers muraux adhésifs autocollant - 2 BRANCHES DE CERISIER JAPONAIS ET 3 OISEAUX - 110x150cm', 'units': 1, ...}, {'sku': 'col-ROS-C627+phos-C743_110x165cm', 'marketplace': 'Leroy Merlin', 'product_name': 'Stickers muraux enfants - Autocollant mural géant enfant montagnes scandinaves MONTAGNES ZISKA + 100 ÉTOILES PHOSPHORESCENTES - 110x165cm', 'units': 2, ...}, {'sku': 'col-lam-sand-B015_21x15cm', 'marketplace': 'Amazon Vendor', 'product_name': 'Health Safety Hazard Toilet A5 Self Adhesive Sticker', 'units': 6, ...}])">backend/tests/test_iteration8.py:205: in test_library_loss_makers_count
    assert len(rows) &gt;= 50, f"loss_makers count={len(rows)}"
E   AssertionError: loss_makers count=6
E   assert 6 &gt;= 50
E    +  where 6 = len([{'sku': 'col-inc_SAND_L206_110x150cm', 'marketplace': 'Leroy Merlin', 'product_name': 'Stickers muraux adhésifs autocollant - 2 BRANCHES DE CERISIER JAPONAIS ET 3 OISEAUX - 110x150cm', 'units': 10, ...}, {'sku': 'col-tiles-RJ-A625_15x15cm', 'marketplace': 'Amazon Vendor', 'product_name': '60 x 6" Cement Pattern Self Adhesive Tile Stickers', 'units': 38, ...}, {'sku': 'roll-mono_Noir_60cmx3m', 'marketplace': 'Leroy Merlin', 'product_name': 'Rouleau adhésif décoratif Vinyle au Mètre - Sticker Lavable Imperméable Mur Cuisine Meubles - 60cmx3m - Noir', 'units': 1, ...}, {'sku': 'col-inc_SAND_L206_110x150cm', 'marketplace': 'Castorama', 'product_name': 'Stickers muraux adhésifs autocollant - 2 BRANCHES DE CERISIER JAPONAIS ET 3 OISEAUX - 110x150cm', 'units': 1, ...}, {'sku': 'col-ROS-C627+phos-C743_110x165cm', 'marketplace': 'Leroy Merlin', 'product_name': 'Stickers muraux enfants - Autocollant mural géant enfant montagnes scandinaves MONTAGNES ZISKA + 100 ÉTOILES PHOSPHORESCENTES - 110x165cm', 'units': 2, ...}, {'sku': 'col-lam-sand-B015_21x15cm', 'marketplace': 'Amazon Vendor', 'product_name': 'Health Safety Hazard Toilet A5 Self Adhesive Sticker', 'units': 6, ...}])</failure></testcase><testcase classname="backend.tests.test_iteration8" name="test_auth_login_and_me" time="0.257" /></testsuite></testsuites>