<?xml version="1.0" encoding="utf-8"?><testsuites name="pytest tests"><testsuite name="pytest" errors="0" failures="0" skipped="0" tests="11" time="18.697" timestamp="2026-06-23T12:06:52.016491+00:00" hostname="agent-env-b28a8cbe-7248-4ddf-8d15-ed58458e5039"><testcase classname="test_iteration2.TestMarketplacesRename" name="test_marketplaces_includes_mano_mano_not_mon_echelle" time="0.685" /><testcase classname="test_iteration2.TestRenormalize" name="test_renormalize_marketplaces" time="0.168" /><testcase classname="test_iteration2.TestSkuPrices" name="test_prices_basic" time="0.182" /><testcase classname="test_iteration2.TestSkuPrices" name="test_prices_filter_by_sku" time="0.155" /><testcase classname="test_iteration2.TestSkuPrices" name="test_prices_export_csv" time="0.276" /><testcase classname="test_iteration2.TestCostTemplate" name="test_cost_template_csv" time="0.270" /><testcase classname="test_iteration2.TestLegacyCostUpload" name="test_upload_cost_prod_xlsx" time="16.080" /><testcase classname="test_iteration2.TestLegacyCostUpload" name="test_upload_simple_csv_still_works" time="0.374" /><testcase classname="test_iteration2.TestAmazonPoAsinFix" name="test_no_nan_skus_in_orders" time="0.101" /><testcase classname="test_iteration2.TestAmazonPoAsinFix" name="test_top_skus_has_amazon_asin" time="0.174" /><testcase classname="test_iteration2.TestSummaryMargin" name="test_summary_has_cogs_and_margin" time="0.192" /></testsuite></testsuites>