<?xml version="1.0" encoding="utf-8"?><testsuites name="pytest tests"><testsuite name="pytest" errors="0" failures="3" skipped="0" tests="9" time="31.236" timestamp="2026-06-25T21:38:09.874382+00:00" hostname="agent-env-b28a8cbe-7248-4ddf-8d15-ed58458e5039"><testcase classname="test_iteration4.TestCostParser" name="test_cost_v2_simple_sheet3_header_row0" time="12.494" /><testcase classname="test_iteration4.TestCostParser" name="test_cost_prod_legacy_sheet3_header_row2" time="14.069" /><testcase classname="test_iteration4.TestAsinMapping" name="test_template_csv_has_correct_header_and_asins" time="0.216" /><testcase classname="test_iteration4.TestAsinMapping" name="test_upload_asin_mapping_inserts_and_remaps" time="0.132"><failure message="AssertionError: Expected &gt;=1 orders remapped, got {'rows_total': 1, 'inserted': 0, 'updated': 1, 'orders_remapped': 0}&#10;assert 0 &gt;= 1">E   AssertionError: Expected &gt;=1 orders remapped, got {'rows_total': 1, 'inserted': 0, 'updated': 1, 'orders_remapped': 0}
    assert 0 &gt;= 1</failure></testcase><testcase classname="test_iteration4.TestAsinMapping" name="test_orders_query_returns_mapped_sku_with_asin_preserved" time="0.120"><failure message="AssertionError: line_key must end with ::ASIN to keep re-uploads idempotent, got '2WAT2ZEC::SAND_116_15x20_white'&#10;assert False&#10; +  where False = &lt;built-in method endswith of str object at 0xfc5a8518c530&gt;('::B00PB8WM4S')&#10; +    where &lt;built-in method endswith of str object at 0xfc5a8518c530&gt; = '2WAT2ZEC::SAND_116_15x20_white'.endswith">E   AssertionError: line_key must end with ::ASIN to keep re-uploads idempotent, got '2WAT2ZEC::SAND_116_15x20_white'
    assert False
     +  where False = &lt;built-in method endswith of str object at 0xfc5a8518c530&gt;('::B00PB8WM4S')
     +    where &lt;built-in method endswith of str object at 0xfc5a8518c530&gt; = '2WAT2ZEC::SAND_116_15x20_white'.endswith</failure></testcase><testcase classname="test_iteration4.TestAsinMapping" name="test_reupload_amazon_po_is_idempotent_keeps_merchant_sku" time="3.775" /><testcase classname="test_iteration4.TestAsinMapping" name="test_admin_reprocess_returns_count" time="0.142" /><testcase classname="test_iteration4.TestAsinMapping" name="test_list_mappings_search_case_insensitive" time="0.110" /><testcase classname="test_iteration4.TestOrdersCount" name="test_orders_count_amazon_no_duplicates" time="0.138"><failure message="AssertionError: Expected 6580 Amazon Vendor orders, got 6614 — duplicates exist (line_key was rewritten by apply_asin_mapping to use merchant_sku).&#10;assert 6614 == 6580">E   AssertionError: Expected 6580 Amazon Vendor orders, got 6614 — duplicates exist (line_key was rewritten by apply_asin_mapping to use merchant_sku).
    assert 6614 == 6580</failure></testcase></testsuite></testsuites>