<?xml version="1.0" encoding="utf-8"?><testsuites name="pytest tests"><testsuite name="pytest" errors="0" failures="0" skipped="0" tests="21" time="2.922" timestamp="2026-06-28T20:36:07.788757+00:00" hostname="agent-env-b28a8cbe-7248-4ddf-8d15-ed58458e5039"><testcase classname="backend.tests.test_iteration9.TestProfitLoss" name="test_profit_loss_structure_and_math" time="0.494" /><testcase classname="backend.tests.test_iteration9.TestProfitLoss" name="test_profit_loss_leroy_merlin_values" time="0.145" /><testcase classname="backend.tests.test_iteration9.TestDashboardSummary" name="test_summary_has_total_and_shipping_income" time="0.127" /><testcase classname="backend.tests.test_iteration9.TestAmazonEditUpload" name="test_upload_auto_detect_and_merge" time="0.250" /><testcase classname="backend.tests.test_iteration9.TestAmazonDelivery" name="test_requires_auth" time="0.097" /><testcase classname="backend.tests.test_iteration9.TestAmazonDelivery" name="test_returns_shape" time="0.100" /><testcase classname="backend.tests.test_iteration9.TestAmazonDelivery" name="test_filter_delivery_window" time="0.094" /><testcase classname="backend.tests.test_iteration9.TestAmazonDelivery" name="test_order_date_differs_from_delivery" time="0.098" /><testcase classname="backend.tests.test_iteration9.TestMarketplaceCountry" name="test_endpoint_shape" time="0.119" /><testcase classname="backend.tests.test_iteration9.TestMarketplaceCountry" name="test_leroy_merlin_country_sum" time="0.105" /><testcase classname="backend.tests.test_iteration9.TestMarketplaceCountry" name="test_filter_by_marketplace" time="0.095" /><testcase classname="backend.tests.test_iteration9.TestRegression" name="test_get_200[/api/auth/me]" time="0.091" /><testcase classname="backend.tests.test_iteration9.TestRegression" name="test_get_200[/api/dashboard/summary]" time="0.129" /><testcase classname="backend.tests.test_iteration9.TestRegression" name="test_get_200[/api/dashboard/profit-loss]" time="0.145" /><testcase classname="backend.tests.test_iteration9.TestRegression" name="test_get_200[/api/dashboard/returns]" time="0.119" /><testcase classname="backend.tests.test_iteration9.TestRegression" name="test_get_200[/api/dashboard/marketplace-country-breakdown]" time="0.109" /><testcase classname="backend.tests.test_iteration9.TestRegression" name="test_get_200[/api/dashboard/amazon-delivery]" time="0.111" /><testcase classname="backend.tests.test_iteration9.TestRegression" name="test_get_200[/api/orders]" time="0.143" /><testcase classname="backend.tests.test_iteration9.TestRegression" name="test_get_200[/api/marketplaces]" time="0.094" /><testcase classname="backend.tests.test_iteration9.TestRegression" name="test_get_200[/api/library/loss-makers]" time="0.115" /><testcase classname="backend.tests.test_iteration9.TestRegression" name="test_get_200[/api/uploads/history]" time="0.096" /></testsuite></testsuites>