<?xml version="1.0" encoding="utf-8"?><testsuites name="pytest tests"><testsuite name="pytest" errors="0" failures="0" skipped="0" tests="14" time="38.139" timestamp="2026-06-25T22:46:57.910880+00:00" hostname="agent-env-b28a8cbe-7248-4ddf-8d15-ed58458e5039"><testcase classname="test_iteration6.TestMarketplacesCanonical" name="test_all_16_canonical_marketplaces_present" time="0.591" /><testcase classname="test_iteration6.TestMarketplacesCanonical" name="test_ambiance_web_present_even_with_zero_orders" time="0.116" /><testcase classname="test_iteration6.TestMarketplacesCanonical" name="test_no_duplicate_case_variants" time="0.111" /><testcase classname="test_iteration6.TestCombinedMappingUpload" name="test_lrm_amz_combined_upload_autodetects" time="30.376" /><testcase classname="test_iteration6.TestCombinedMappingUpload" name="test_simple_csv_mapping_backward_compat" time="0.460" /><testcase classname="test_iteration6.TestOrdersPostMapping" name="test_amazon_orders_sku_is_merchant_sku" time="0.141" /><testcase classname="test_iteration6.TestOrdersPostMapping" name="test_amazon_line_key_always_ends_with_asin" time="0.116" /><testcase classname="test_iteration6.TestTopSkus" name="test_top_skus_contain_merchant_skus" time="0.179" /><testcase classname="test_iteration6.TestTopSkus" name="test_top_skus_have_cost_and_margin" time="0.182" /><testcase classname="test_iteration6.TestIdempotency" name="test_reupload_amazon_po_no_duplicates" time="3.663" /><testcase classname="test_iteration6.TestIdempotency" name="test_reupload_beezup_stable" time="1.425" /><testcase classname="test_iteration6.TestReprocess" name="test_reprocess_idempotent_on_already_synced_db" time="0.313" /><testcase classname="test_iteration6.TestDashboardSummary" name="test_summary_uses_merchant_skus_for_cogs" time="0.193" /><testcase classname="test_iteration6.TestSkuMappingsState" name="test_combined_mapping_produces_both_markets" time="0.229" /></testsuite></testsuites>