<?xml version="1.0" encoding="utf-8"?><testsuites name="pytest tests"><testsuite name="pytest" errors="0" failures="0" skipped="0" tests="9" time="30.717" timestamp="2026-06-25T21:44:10.580637+00:00" hostname="agent-env-b28a8cbe-7248-4ddf-8d15-ed58458e5039"><testcase classname="test_iteration4.TestCostParser" name="test_cost_v2_simple_sheet3_header_row0" time="12.061" /><testcase classname="test_iteration4.TestCostParser" name="test_cost_prod_legacy_sheet3_header_row2" time="14.108" /><testcase classname="test_iteration4.TestAsinMapping" name="test_template_csv_has_correct_header_and_asins" time="0.212" /><testcase classname="test_iteration4.TestAsinMapping" name="test_upload_asin_mapping_inserts_and_remaps" time="0.127" /><testcase classname="test_iteration4.TestAsinMapping" name="test_orders_query_returns_mapped_sku_with_asin_preserved" time="0.129" /><testcase classname="test_iteration4.TestAsinMapping" name="test_reupload_amazon_po_is_idempotent_keeps_merchant_sku" time="3.653" /><testcase classname="test_iteration4.TestAsinMapping" name="test_admin_reprocess_returns_count" time="0.142" /><testcase classname="test_iteration4.TestAsinMapping" name="test_list_mappings_search_case_insensitive" time="0.138" /><testcase classname="test_iteration4.TestOrdersCount" name="test_orders_count_amazon_no_duplicates" time="0.110" /></testsuite></testsuites>