<?xml version="1.0" encoding="utf-8"?><testsuites name="pytest tests"><testsuite name="pytest" errors="0" failures="1" skipped="3" tests="17" time="5.853" timestamp="2026-09-01T14:59:42.038095+00:00" hostname="agent-env-b28a8cbe-7248-4ddf-8d15-ed58458e5039"><testcase classname="tests.test_iteration13.TestAuthPlaybook" name="test_login_returns_token_and_httponly_cookie" time="0.401" /><testcase classname="tests.test_iteration13.TestAuthPlaybook" name="test_bad_password_401" time="0.379" /><testcase classname="tests.test_iteration13.TestAuthPlaybook" name="test_bcrypt_hash_format" time="0.084" /><testcase classname="tests.test_iteration13.TestAuthPlaybook" name="test_cors_allows_credentials_with_explicit_origin" time="0.002" /><testcase classname="tests.test_iteration13.TestAuthPlaybook" name="test_brute_force_lockout_after_5_failures" time="2.818"><failure message="AssertionError: no lockout after 6 bad attempts, codes=[401, 401, 401, 401, 401, 401] (valid login after: 200)&#10;assert (429 in [401, 401, 401, 401, 401, 401] or 423 in [401, 401, 401, 401, 401, 401])">E   AssertionError: no lockout after 6 bad attempts, codes=[401, 401, 401, 401, 401, 401] (valid login after: 200)
    assert (429 in [401, 401, 401, 401, 401, 401] or 423 in [401, 401, 401, 401, 401, 401])</failure></testcase><testcase classname="tests.test_iteration13.TestAuthPlaybook" name="test_unauthenticated_rejected" time="0.147" /><testcase classname="tests.test_iteration13.TestLossMakers" name="test_returns_200_list" time="0.461" /><testcase classname="tests.test_iteration13.TestLossMakers" name="test_new_fields_present_when_rows_exist" time="0.080"><skipped type="pytest.skip" message="no loss-maker rows (empty preview DB)">/app/backend/tests/test_iteration13.py:139: no loss-maker rows (empty preview DB)</skipped></testcase><testcase classname="tests.test_iteration13.TestLossMakers" name="test_target_margin_param_increases_suggested_price" time="0.166"><skipped type="pytest.skip" message="no rows">/app/backend/tests/test_iteration13.py:152: no rows</skipped></testcase><testcase classname="tests.test_iteration13.TestLossMakers" name="test_filters_do_not_error" time="0.236" /><testcase classname="tests.test_iteration13.TestLossMakers" name="test_no_mongo_object_id_leak" time="0.082" /><testcase classname="tests.test_iteration13.TestLossMakers" name="test_readonly_user_can_read" time="0.469" /><testcase classname="tests.test_iteration13.TestMarginReconciliation" name="test_margin_pct_matches_top_skus_for_single_marketplace_sku" time="0.167"><skipped type="pytest.skip" message="no data to reconcile">/app/backend/tests/test_iteration13.py:187: no data to reconcile</skipped></testcase><testcase classname="tests.test_iteration13.TestDashboardRegression" name="test_summary" time="0.076" /><testcase classname="tests.test_iteration13.TestDashboardRegression" name="test_top_skus" time="0.081" /><testcase classname="tests.test_iteration13.TestDashboardRegression" name="test_profit_loss" time="0.082" /><testcase classname="tests.test_iteration13.TestDashboardRegression" name="test_library_skus" time="0.096" /></testsuite></testsuites>