<?xml version="1.0" encoding="utf-8"?><testsuites name="pytest tests"><testsuite name="pytest" errors="0" failures="1" skipped="0" tests="19" time="33.942" timestamp="2026-06-25T22:47:40.958511+00:00" hostname="agent-env-b28a8cbe-7248-4ddf-8d15-ed58458e5039"><testcase classname="test_iteration3.TestCostConstants" name="test_get_cost_constants_default" time="0.462" /><testcase classname="test_iteration3.TestCostConstants" name="test_put_cost_constants_persists" time="0.303" /><testcase classname="test_iteration3.TestProfitLossNewFields" name="test_pnl_has_new_fields_and_math" time="0.191" /><testcase classname="test_iteration3.TestProfitLossNewFields" name="test_pnl_operational_matches_units_times_cost" time="0.316" /><testcase classname="test_iteration3.TestSummaryNewFields" name="test_summary_has_new_cost_fields" time="0.187" /><testcase classname="test_iteration3.TestSummaryNewFields" name="test_summary_margin_includes_all_costs" time="0.210" /><testcase classname="test_iteration3.TestLibrarySkus" name="test_library_skus_basic" time="0.353" /><testcase classname="test_iteration3.TestLibrarySkus" name="test_library_search_filter" time="0.211" /><testcase classname="test_iteration3.TestLibrarySkus" name="test_library_total_cost_math" time="0.232" /><testcase classname="test_iteration3.TestLibraryExport" name="test_library_export_csv" time="0.348" /><testcase classname="test_iteration4.TestCostParser" name="test_cost_v2_simple_sheet3_header_row0" time="11.801" /><testcase classname="test_iteration4.TestCostParser" name="test_cost_prod_legacy_sheet3_header_row2" time="14.480" /><testcase classname="test_iteration4.TestAsinMapping" name="test_template_csv_has_correct_header_and_asins" time="0.293" /><testcase classname="test_iteration4.TestAsinMapping" name="test_upload_asin_mapping_inserts_and_remaps" time="0.261" /><testcase classname="test_iteration4.TestAsinMapping" name="test_orders_query_returns_mapped_sku_with_asin_preserved" time="0.114"><failure message="AssertionError: ASIN preserved? {'line_key': '5BMQ2VJQ::B01M18XNNS', 'asin': 'B01M18XNNS', 'channel_raw': 'Amazon Vendor PO', 'city': 'CDG7', 'country': 'CDG7', 'created_at': '2026-06-25T21:40:22.335807+00:00', 'currency': 'EUR', 'customer_email': '', 'line_total': 16.25, 'line_total_eur': 16.25, 'marketplace': 'Amazon Vendor', 'order_date': '2026-06-17T00:00:00', 'order_date_iso': '2026-06-17T00:00:00+00:00', 'order_id': '5BMQ2VJQ', 'product_name': 'Baby On Board Baby Feet Self Adhesive Vinyl Sticker Ref 2 (BLANC)', 'quantity': 5, 'shipping_cost': 0.0, 'shipping_cost_eur': 0.0, 'sku': 'SAND_116_15x20_white', 'source': 'amazon_po', 'status': 'Confirmed', 'unit_price': 3.25, 'vat': 0.0}&#10;assert 'B01M18XNNS' == 'B00PB8WM4S'&#10;  &#10;  - B00PB8WM4S&#10;  + B01M18XNNS">E   AssertionError: ASIN preserved? {'line_key': '5BMQ2VJQ::B01M18XNNS', 'asin': 'B01M18XNNS', 'channel_raw': 'Amazon Vendor PO', 'city': 'CDG7', 'country': 'CDG7', 'created_at': '2026-06-25T21:40:22.335807+00:00', 'currency': 'EUR', 'customer_email': '', 'line_total': 16.25, 'line_total_eur': 16.25, 'marketplace': 'Amazon Vendor', 'order_date': '2026-06-17T00:00:00', 'order_date_iso': '2026-06-17T00:00:00+00:00', 'order_id': '5BMQ2VJQ', 'product_name': 'Baby On Board Baby Feet Self Adhesive Vinyl Sticker Ref 2 (BLANC)', 'quantity': 5, 'shipping_cost': 0.0, 'shipping_cost_eur': 0.0, 'sku': 'SAND_116_15x20_white', 'source': 'amazon_po', 'status': 'Confirmed', 'unit_price': 3.25, 'vat': 0.0}
    assert 'B01M18XNNS' == 'B00PB8WM4S'
      
      - B00PB8WM4S
      + B01M18XNNS</failure></testcase><testcase classname="test_iteration4.TestAsinMapping" name="test_reupload_amazon_po_is_idempotent_keeps_merchant_sku" time="3.576" /><testcase classname="test_iteration4.TestAsinMapping" name="test_admin_reprocess_returns_count" time="0.320" /><testcase classname="test_iteration4.TestAsinMapping" name="test_list_mappings_search_case_insensitive" time="0.146" /><testcase classname="test_iteration4.TestOrdersCount" name="test_orders_count_amazon_no_duplicates" time="0.107" /></testsuite></testsuites>