<?xml version="1.0" encoding="utf-8"?><testsuites name="pytest tests"><testsuite name="pytest" errors="0" failures="0" skipped="0" tests="28" time="12.913" timestamp="2026-06-23T01:39:11.266507+00:00" hostname="agent-env-b28a8cbe-7248-4ddf-8d15-ed58458e5039"><testcase classname="test_api.TestAuth" name="test_login_success" time="0.545" /><testcase classname="test_api.TestAuth" name="test_login_invalid" time="0.276" /><testcase classname="test_api.TestAuth" name="test_me_requires_auth" time="0.104" /><testcase classname="test_api.TestAuth" name="test_me_with_token" time="0.373" /><testcase classname="test_api.TestUploads" name="test_upload_channelengine" time="0.194" /><testcase classname="test_api.TestUploads" name="test_upload_beezup" time="1.849" /><testcase classname="test_api.TestUploads" name="test_upload_amazon_po" time="4.733" /><testcase classname="test_api.TestUploads" name="test_upload_channelengine_idempotent" time="0.209" /><testcase classname="test_api.TestUploads" name="test_upload_costs_valid" time="0.107" /><testcase classname="test_api.TestUploads" name="test_upload_costs_malformed" time="0.109" /><testcase classname="test_api.TestUploads" name="test_uploads_history" time="0.126" /><testcase classname="test_api.TestDashboard" name="test_summary" time="0.171" /><testcase classname="test_api.TestDashboard" name="test_summary_with_date_filter" time="0.115" /><testcase classname="test_api.TestDashboard" name="test_trend_day" time="0.117" /><testcase classname="test_api.TestDashboard" name="test_trend_month" time="0.111" /><testcase classname="test_api.TestDashboard" name="test_marketplace_breakdown" time="0.110" /><testcase classname="test_api.TestDashboard" name="test_top_skus" time="0.129" /><testcase classname="test_api.TestDashboard" name="test_customers" time="0.109" /><testcase classname="test_api.TestDashboard" name="test_profit_loss" time="0.112" /><testcase classname="test_api.TestDashboard" name="test_heatmap" time="0.113" /><testcase classname="test_api.TestOrders" name="test_list_orders" time="0.107" /><testcase classname="test_api.TestOrders" name="test_list_orders_filtered" time="0.106" /><testcase classname="test_api.TestOrders" name="test_export_csv" time="0.179" /><testcase classname="test_api.TestMisc" name="test_marketplaces" time="0.103" /><testcase classname="test_api.TestMisc" name="test_exchange_rates_get" time="0.101" /><testcase classname="test_api.TestMisc" name="test_exchange_rates_put_recompute" time="2.025" /><testcase classname="test_api.TestMisc" name="test_manual_cost_add" time="0.213" /><testcase classname="test_api.TestMisc" name="test_manual_cost_cleanup" time="0.305" /></testsuite></testsuites>